[2025-08-10T20:38:13.136+0000] {manager.py:470} INFO - Processing files using up to 2 processes at a time 
[2025-08-10T20:38:13.138+0000] {manager.py:471} INFO - Process each file at most once every 30 seconds
[2025-08-10T20:38:13.139+0000] {manager.py:472} INFO - Checking for new files in /opt/airflow/dags every 300 seconds
[2025-08-10T20:38:13.141+0000] {manager.py:737} INFO - Searching for files in /opt/airflow/dags
[2025-08-10T20:38:13.154+0000] {manager.py:740} INFO - There are 1 files in /opt/airflow/dags
[2025-08-10T20:38:13.225+0000] {manager.py:878} INFO - 
================================================================================
DAG File Processing Stats

File Path                                  PID  Runtime      # DAGs    # Errors  Last Runtime    Last Run
---------------------------------------  -----  ---------  --------  ----------  --------------  ----------
/opt/airflow/dags/sales_pipeline_dag.py    176  0.03s             0           0
================================================================================
[2025-08-10T20:38:43.498+0000] {manager.py:878} INFO - 
================================================================================
DAG File Processing Stats

File Path                                  PID  Runtime      # DAGs    # Errors  Last Runtime    Last Run
---------------------------------------  -----  ---------  --------  ----------  --------------  -------------------
/opt/airflow/dags/sales_pipeline_dag.py    181  0.00s             0           1  0.07s           2025-08-10T20:38:13
================================================================================
[2025-08-10T20:39:13.808+0000] {manager.py:878} INFO - 
================================================================================
DAG File Processing Stats

File Path                                  PID  Runtime      # DAGs    # Errors  Last Runtime    Last Run
---------------------------------------  -----  ---------  --------  ----------  --------------  -------------------
/opt/airflow/dags/sales_pipeline_dag.py    186  0.00s             0           1  0.05s           2025-08-10T20:38:43
================================================================================
[2025-08-10T20:39:44.089+0000] {manager.py:878} INFO - 
================================================================================
DAG File Processing Stats

File Path                                  PID  Runtime      # DAGs    # Errors  Last Runtime    Last Run
---------------------------------------  -----  ---------  --------  ----------  --------------  -------------------
/opt/airflow/dags/sales_pipeline_dag.py    191  0.00s             0           1  0.10s           2025-08-10T20:39:13
================================================================================
[2025-08-10T20:40:14.349+0000] {manager.py:878} INFO - 
================================================================================
DAG File Processing Stats

File Path                                  PID  Runtime      # DAGs    # Errors  Last Runtime    Last Run
---------------------------------------  -----  ---------  --------  ----------  --------------  -------------------
/opt/airflow/dags/sales_pipeline_dag.py    196  0.00s             0           1  0.05s           2025-08-10T20:39:44
================================================================================
[2025-08-10T20:40:44.600+0000] {manager.py:878} INFO - 
================================================================================
DAG File Processing Stats

File Path                                  PID  Runtime      # DAGs    # Errors  Last Runtime    Last Run
---------------------------------------  -----  ---------  --------  ----------  --------------  -------------------
/opt/airflow/dags/sales_pipeline_dag.py    201  0.00s             0           1  0.09s           2025-08-10T20:40:14
================================================================================
[2025-08-10T20:41:14.947+0000] {manager.py:878} INFO - 
================================================================================
DAG File Processing Stats

File Path                                  PID  Runtime      # DAGs    # Errors  Last Runtime    Last Run
---------------------------------------  -----  ---------  --------  ----------  --------------  -------------------
/opt/airflow/dags/sales_pipeline_dag.py    206  0.01s             0           1  0.07s           2025-08-10T20:40:44
================================================================================
[2025-08-10T20:41:45.271+0000] {manager.py:878} INFO - 
================================================================================
DAG File Processing Stats

File Path                                  PID  Runtime      # DAGs    # Errors  Last Runtime    Last Run
---------------------------------------  -----  ---------  --------  ----------  --------------  -------------------
/opt/airflow/dags/sales_pipeline_dag.py    211  0.00s             0           1  0.16s           2025-08-10T20:41:15
================================================================================
[2025-08-10T20:42:15.581+0000] {manager.py:878} INFO - 
================================================================================
DAG File Processing Stats

File Path                                  PID  Runtime      # DAGs    # Errors  Last Runtime    Last Run
---------------------------------------  -----  ---------  --------  ----------  --------------  -------------------
/opt/airflow/dags/sales_pipeline_dag.py    216  0.00s             0           1  0.06s           2025-08-10T20:41:45
================================================================================
[2025-08-10T20:42:45.914+0000] {manager.py:878} INFO - 
================================================================================
DAG File Processing Stats

File Path                                  PID  Runtime      # DAGs    # Errors  Last Runtime    Last Run
---------------------------------------  -----  ---------  --------  ----------  --------------  -------------------
/opt/airflow/dags/sales_pipeline_dag.py    221  0.00s             0           1  0.06s           2025-08-10T20:42:15
================================================================================
[2025-08-10T20:43:13.187+0000] {manager.py:737} INFO - Searching for files in /opt/airflow/dags
[2025-08-10T20:43:13.201+0000] {manager.py:740} INFO - There are 1 files in /opt/airflow/dags
[2025-08-10T20:43:16.260+0000] {manager.py:878} INFO - 
================================================================================
DAG File Processing Stats

File Path                                  PID  Runtime      # DAGs    # Errors  Last Runtime    Last Run
---------------------------------------  -----  ---------  --------  ----------  --------------  -------------------
/opt/airflow/dags/sales_pipeline_dag.py    226  0.00s             0           1  0.05s           2025-08-10T20:42:45
================================================================================
[2025-08-10T20:43:46.595+0000] {manager.py:878} INFO - 
================================================================================
DAG File Processing Stats

File Path                                  PID  Runtime      # DAGs    # Errors  Last Runtime    Last Run
---------------------------------------  -----  ---------  --------  ----------  --------------  -------------------
/opt/airflow/dags/sales_pipeline_dag.py    231  0.00s             0           1  0.06s           2025-08-10T20:43:16
================================================================================
[2025-08-10T20:44:16.797+0000] {manager.py:878} INFO - 
================================================================================
DAG File Processing Stats

File Path                                  PID  Runtime      # DAGs    # Errors  Last Runtime    Last Run
---------------------------------------  -----  ---------  --------  ----------  --------------  -------------------
/opt/airflow/dags/sales_pipeline_dag.py    236  0.00s             0           1  0.13s           2025-08-10T20:43:46
================================================================================
[2025-08-10T20:44:47.113+0000] {manager.py:878} INFO - 
================================================================================
DAG File Processing Stats

File Path                                  PID  Runtime      # DAGs    # Errors  Last Runtime    Last Run
---------------------------------------  -----  ---------  --------  ----------  --------------  -------------------
/opt/airflow/dags/sales_pipeline_dag.py    241  0.01s             0           1  0.05s           2025-08-10T20:44:16
================================================================================
[2025-08-10T20:45:17.447+0000] {manager.py:878} INFO - 
================================================================================
DAG File Processing Stats

File Path                                  PID  Runtime      # DAGs    # Errors  Last Runtime    Last Run
---------------------------------------  -----  ---------  --------  ----------  --------------  -------------------
/opt/airflow/dags/sales_pipeline_dag.py    246  0.00s             0           1  0.06s           2025-08-10T20:44:47
================================================================================
[2025-08-10T20:45:47.756+0000] {manager.py:878} INFO - 
================================================================================
DAG File Processing Stats

File Path                                  PID  Runtime      # DAGs    # Errors  Last Runtime    Last Run
---------------------------------------  -----  ---------  --------  ----------  --------------  -------------------
/opt/airflow/dags/sales_pipeline_dag.py    251  0.01s             0           1  0.05s           2025-08-10T20:45:17
================================================================================
[2025-08-10T20:46:18.065+0000] {manager.py:878} INFO - 
================================================================================
DAG File Processing Stats

File Path                                  PID  Runtime      # DAGs    # Errors  Last Runtime    Last Run
---------------------------------------  -----  ---------  --------  ----------  --------------  -------------------
/opt/airflow/dags/sales_pipeline_dag.py    256  0.00s             0           1  0.06s           2025-08-10T20:45:47
================================================================================
[2025-08-10T20:46:48.396+0000] {manager.py:878} INFO - 
================================================================================
DAG File Processing Stats

File Path                                  PID  Runtime      # DAGs    # Errors  Last Runtime    Last Run
---------------------------------------  -----  ---------  --------  ----------  --------------  -------------------
/opt/airflow/dags/sales_pipeline_dag.py    261  0.01s             0           1  0.05s           2025-08-10T20:46:18
================================================================================
[2025-08-10T20:47:18.751+0000] {manager.py:878} INFO - 
================================================================================
DAG File Processing Stats

File Path                                  PID  Runtime      # DAGs    # Errors  Last Runtime    Last Run
---------------------------------------  -----  ---------  --------  ----------  --------------  -------------------
/opt/airflow/dags/sales_pipeline_dag.py    266  0.00s             0           1  0.10s           2025-08-10T20:46:48
================================================================================
[2025-08-10T20:47:49.145+0000] {manager.py:878} INFO - 
================================================================================
DAG File Processing Stats

File Path                                  PID  Runtime      # DAGs    # Errors  Last Runtime    Last Run
---------------------------------------  -----  ---------  --------  ----------  --------------  -------------------
/opt/airflow/dags/sales_pipeline_dag.py    271  0.01s             0           1  0.05s           2025-08-10T20:47:18
================================================================================
[2025-08-10T20:48:13.397+0000] {manager.py:737} INFO - Searching for files in /opt/airflow/dags
[2025-08-10T20:48:13.429+0000] {manager.py:740} INFO - There are 1 files in /opt/airflow/dags
[2025-08-10T20:48:19.516+0000] {manager.py:878} INFO - 
================================================================================
DAG File Processing Stats

File Path                                  PID  Runtime      # DAGs    # Errors  Last Runtime    Last Run
---------------------------------------  -----  ---------  --------  ----------  --------------  -------------------
/opt/airflow/dags/sales_pipeline_dag.py    276  0.01s             0           1  0.06s           2025-08-10T20:47:49
================================================================================
[2025-08-10T20:48:49.800+0000] {manager.py:878} INFO - 
================================================================================
DAG File Processing Stats

File Path                                  PID  Runtime      # DAGs    # Errors  Last Runtime    Last Run
---------------------------------------  -----  ---------  --------  ----------  --------------  -------------------
/opt/airflow/dags/sales_pipeline_dag.py    281  0.00s             0           1  0.06s           2025-08-10T20:48:19
================================================================================
[2025-08-10T20:49:20.035+0000] {manager.py:878} INFO - 
================================================================================
DAG File Processing Stats

File Path                                  PID  Runtime      # DAGs    # Errors  Last Runtime    Last Run
---------------------------------------  -----  ---------  --------  ----------  --------------  -------------------
/opt/airflow/dags/sales_pipeline_dag.py    286  0.00s             0           1  0.06s           2025-08-10T20:48:49
================================================================================
[2025-08-10T20:49:50.318+0000] {manager.py:878} INFO - 
================================================================================
DAG File Processing Stats

File Path                                  PID  Runtime      # DAGs    # Errors  Last Runtime    Last Run
---------------------------------------  -----  ---------  --------  ----------  --------------  -------------------
/opt/airflow/dags/sales_pipeline_dag.py    291  0.00s             0           1  0.06s           2025-08-10T20:49:20
================================================================================
[2025-08-10T20:50:20.619+0000] {manager.py:878} INFO - 
================================================================================
DAG File Processing Stats

File Path                                  PID  Runtime      # DAGs    # Errors  Last Runtime    Last Run
---------------------------------------  -----  ---------  --------  ----------  --------------  -------------------
/opt/airflow/dags/sales_pipeline_dag.py    296  0.00s             0           1  0.05s           2025-08-10T20:49:50
================================================================================
[2025-08-10T20:50:50.918+0000] {manager.py:878} INFO - 
================================================================================
DAG File Processing Stats

File Path                                  PID  Runtime      # DAGs    # Errors  Last Runtime    Last Run
---------------------------------------  -----  ---------  --------  ----------  --------------  -------------------
/opt/airflow/dags/sales_pipeline_dag.py    301  0.00s             0           1  0.06s           2025-08-10T20:50:20
================================================================================
[2025-08-10T20:51:21.195+0000] {manager.py:878} INFO - 
================================================================================
DAG File Processing Stats

File Path                                  PID  Runtime      # DAGs    # Errors  Last Runtime    Last Run
---------------------------------------  -----  ---------  --------  ----------  --------------  -------------------
/opt/airflow/dags/sales_pipeline_dag.py    306  0.01s             0           1  0.06s           2025-08-10T20:50:50
================================================================================
[2025-08-10T20:51:51.544+0000] {manager.py:878} INFO - 
================================================================================
DAG File Processing Stats

File Path                                  PID  Runtime      # DAGs    # Errors  Last Runtime    Last Run
---------------------------------------  -----  ---------  --------  ----------  --------------  -------------------
/opt/airflow/dags/sales_pipeline_dag.py    311  0.01s             0           1  0.06s           2025-08-10T20:51:21
================================================================================
[2025-08-10T20:52:21.842+0000] {manager.py:878} INFO - 
================================================================================
DAG File Processing Stats

File Path                                  PID  Runtime      # DAGs    # Errors  Last Runtime    Last Run
---------------------------------------  -----  ---------  --------  ----------  --------------  -------------------
/opt/airflow/dags/sales_pipeline_dag.py    316  0.00s             0           1  0.15s           2025-08-10T20:51:51
================================================================================
[2025-08-10T20:52:52.156+0000] {manager.py:878} INFO - 
================================================================================
DAG File Processing Stats

File Path                                  PID  Runtime      # DAGs    # Errors  Last Runtime    Last Run
---------------------------------------  -----  ---------  --------  ----------  --------------  -------------------
/opt/airflow/dags/sales_pipeline_dag.py    321  0.00s             0           1  0.07s           2025-08-10T20:52:21
================================================================================
[2025-08-10T20:53:14.381+0000] {manager.py:737} INFO - Searching for files in /opt/airflow/dags
[2025-08-10T20:53:14.408+0000] {manager.py:740} INFO - There are 1 files in /opt/airflow/dags
[2025-08-10T20:53:22.495+0000] {manager.py:878} INFO - 
================================================================================
DAG File Processing Stats

File Path                                  PID  Runtime      # DAGs    # Errors  Last Runtime    Last Run
---------------------------------------  -----  ---------  --------  ----------  --------------  -------------------
/opt/airflow/dags/sales_pipeline_dag.py    326  0.00s             0           1  0.05s           2025-08-10T20:52:52
================================================================================
[2025-08-10T20:53:52.715+0000] {manager.py:878} INFO - 
================================================================================
DAG File Processing Stats

File Path                                  PID  Runtime      # DAGs    # Errors  Last Runtime    Last Run
---------------------------------------  -----  ---------  --------  ----------  --------------  -------------------
/opt/airflow/dags/sales_pipeline_dag.py    331  0.00s             0           1  0.06s           2025-08-10T20:53:22
================================================================================
[2025-08-10T20:54:22.918+0000] {manager.py:878} INFO - 
================================================================================
DAG File Processing Stats

File Path                                  PID  Runtime      # DAGs    # Errors  Last Runtime    Last Run
---------------------------------------  -----  ---------  --------  ----------  --------------  -------------------
/opt/airflow/dags/sales_pipeline_dag.py    336  0.00s             0           1  0.06s           2025-08-10T20:53:52
================================================================================
[2025-08-10T20:54:53.105+0000] {manager.py:878} INFO - 
================================================================================
DAG File Processing Stats

File Path                                  PID  Runtime      # DAGs    # Errors  Last Runtime    Last Run
---------------------------------------  -----  ---------  --------  ----------  --------------  -------------------
/opt/airflow/dags/sales_pipeline_dag.py    341  0.00s             0           1  0.06s           2025-08-10T20:54:22
================================================================================
[2025-08-10T20:55:23.291+0000] {manager.py:878} INFO - 
================================================================================
DAG File Processing Stats

File Path                                  PID  Runtime      # DAGs    # Errors  Last Runtime    Last Run
---------------------------------------  -----  ---------  --------  ----------  --------------  -------------------
/opt/airflow/dags/sales_pipeline_dag.py    346  0.00s             0           1  0.07s           2025-08-10T20:54:53
================================================================================
[2025-08-10T20:55:53.523+0000] {manager.py:878} INFO - 
================================================================================
DAG File Processing Stats

File Path                                  PID  Runtime      # DAGs    # Errors  Last Runtime    Last Run
---------------------------------------  -----  ---------  --------  ----------  --------------  -------------------
/opt/airflow/dags/sales_pipeline_dag.py    351  0.00s             0           1  0.06s           2025-08-10T20:55:23
================================================================================
[2025-08-10T20:56:23.734+0000] {manager.py:878} INFO - 
================================================================================
DAG File Processing Stats

File Path                                  PID  Runtime      # DAGs    # Errors  Last Runtime    Last Run
---------------------------------------  -----  ---------  --------  ----------  --------------  -------------------
/opt/airflow/dags/sales_pipeline_dag.py    356  0.00s             0           1  0.05s           2025-08-10T20:55:53
================================================================================
[2025-08-10T20:56:54.063+0000] {manager.py:878} INFO - 
================================================================================
DAG File Processing Stats

File Path                                  PID  Runtime      # DAGs    # Errors  Last Runtime    Last Run
---------------------------------------  -----  ---------  --------  ----------  --------------  -------------------
/opt/airflow/dags/sales_pipeline_dag.py    361  0.00s             0           1  0.05s           2025-08-10T20:56:23
================================================================================
[2025-08-10T20:57:24.401+0000] {manager.py:878} INFO - 
================================================================================
DAG File Processing Stats

File Path                                  PID  Runtime      # DAGs    # Errors  Last Runtime    Last Run
---------------------------------------  -----  ---------  --------  ----------  --------------  -------------------
/opt/airflow/dags/sales_pipeline_dag.py    366  0.00s             0           1  0.05s           2025-08-10T20:56:54
================================================================================
[2025-08-10T20:57:54.674+0000] {manager.py:878} INFO - 
================================================================================
DAG File Processing Stats

File Path                                  PID  Runtime      # DAGs    # Errors  Last Runtime    Last Run
---------------------------------------  -----  ---------  --------  ----------  --------------  -------------------
/opt/airflow/dags/sales_pipeline_dag.py    371  0.00s             0           1  0.07s           2025-08-10T20:57:24
================================================================================
[2025-08-10T20:58:14.894+0000] {manager.py:737} INFO - Searching for files in /opt/airflow/dags
[2025-08-10T20:58:14.911+0000] {manager.py:740} INFO - There are 1 files in /opt/airflow/dags
[2025-08-10T20:58:25.008+0000] {manager.py:878} INFO - 
================================================================================
DAG File Processing Stats

File Path                                  PID  Runtime      # DAGs    # Errors  Last Runtime    Last Run
---------------------------------------  -----  ---------  --------  ----------  --------------  -------------------
/opt/airflow/dags/sales_pipeline_dag.py    376  0.00s             0           1  0.06s           2025-08-10T20:57:54
================================================================================
[2025-08-10T20:58:55.207+0000] {manager.py:878} INFO - 
================================================================================
DAG File Processing Stats

File Path                                  PID  Runtime      # DAGs    # Errors  Last Runtime    Last Run
---------------------------------------  -----  ---------  --------  ----------  --------------  -------------------
/opt/airflow/dags/sales_pipeline_dag.py    381  0.00s             0           1  0.06s           2025-08-10T20:58:25
================================================================================
[2025-08-10T20:59:25.402+0000] {manager.py:878} INFO - 
================================================================================
DAG File Processing Stats

File Path                                  PID  Runtime      # DAGs    # Errors  Last Runtime    Last Run
---------------------------------------  -----  ---------  --------  ----------  --------------  -------------------
/opt/airflow/dags/sales_pipeline_dag.py    386  0.00s             0           1  0.07s           2025-08-10T20:58:55
================================================================================
[2025-08-10T20:59:55.670+0000] {manager.py:878} INFO - 
================================================================================
DAG File Processing Stats

File Path                                  PID  Runtime      # DAGs    # Errors  Last Runtime    Last Run
---------------------------------------  -----  ---------  --------  ----------  --------------  -------------------
/opt/airflow/dags/sales_pipeline_dag.py    391  0.00s             0           1  0.07s           2025-08-10T20:59:25
================================================================================
[2025-08-10T21:00:25.850+0000] {manager.py:878} INFO - 
================================================================================
DAG File Processing Stats

File Path                                  PID  Runtime      # DAGs    # Errors  Last Runtime    Last Run
---------------------------------------  -----  ---------  --------  ----------  --------------  -------------------
/opt/airflow/dags/sales_pipeline_dag.py    396  0.00s             0           1  0.05s           2025-08-10T20:59:55
================================================================================
[2025-08-10T21:00:56.111+0000] {manager.py:878} INFO - 
================================================================================
DAG File Processing Stats

File Path                                  PID  Runtime      # DAGs    # Errors  Last Runtime    Last Run
---------------------------------------  -----  ---------  --------  ----------  --------------  -------------------
/opt/airflow/dags/sales_pipeline_dag.py    401  0.00s             0           1  0.06s           2025-08-10T21:00:25
================================================================================
[2025-08-10T21:01:26.450+0000] {manager.py:878} INFO - 
================================================================================
DAG File Processing Stats

File Path                                  PID  Runtime      # DAGs    # Errors  Last Runtime    Last Run
---------------------------------------  -----  ---------  --------  ----------  --------------  -------------------
/opt/airflow/dags/sales_pipeline_dag.py    406  0.00s             0           1  0.05s           2025-08-10T21:00:56
================================================================================
[2025-08-10T21:01:56.648+0000] {manager.py:878} INFO - 
================================================================================
DAG File Processing Stats

File Path                                  PID  Runtime      # DAGs    # Errors  Last Runtime    Last Run
---------------------------------------  -----  ---------  --------  ----------  --------------  -------------------
/opt/airflow/dags/sales_pipeline_dag.py    411  0.00s             0           1  0.06s           2025-08-10T21:01:26
================================================================================
[2025-08-10T21:02:26.923+0000] {manager.py:878} INFO - 
================================================================================
DAG File Processing Stats

File Path                                  PID  Runtime      # DAGs    # Errors  Last Runtime    Last Run
---------------------------------------  -----  ---------  --------  ----------  --------------  -------------------
/opt/airflow/dags/sales_pipeline_dag.py    416  0.00s             0           1  0.06s           2025-08-10T21:01:56
================================================================================
[2025-08-10T21:02:57.275+0000] {manager.py:878} INFO - 
================================================================================
DAG File Processing Stats

File Path                                  PID  Runtime      # DAGs    # Errors  Last Runtime    Last Run
---------------------------------------  -----  ---------  --------  ----------  --------------  -------------------
/opt/airflow/dags/sales_pipeline_dag.py    421  0.00s             0           1  0.05s           2025-08-10T21:02:26
================================================================================
[2025-08-10T21:03:15.467+0000] {manager.py:737} INFO - Searching for files in /opt/airflow/dags
[2025-08-10T21:03:15.483+0000] {manager.py:740} INFO - There are 1 files in /opt/airflow/dags
[2025-08-10T21:03:27.598+0000] {manager.py:878} INFO - 
================================================================================
DAG File Processing Stats

File Path                                  PID  Runtime      # DAGs    # Errors  Last Runtime    Last Run
---------------------------------------  -----  ---------  --------  ----------  --------------  -------------------
/opt/airflow/dags/sales_pipeline_dag.py    426  0.00s             0           1  0.17s           2025-08-10T21:02:57
================================================================================
[2025-08-10T21:03:57.787+0000] {manager.py:878} INFO - 
================================================================================
DAG File Processing Stats

File Path                                  PID  Runtime      # DAGs    # Errors  Last Runtime    Last Run
---------------------------------------  -----  ---------  --------  ----------  --------------  -------------------
/opt/airflow/dags/sales_pipeline_dag.py    431  0.00s             0           1  0.06s           2025-08-10T21:03:27
================================================================================
[2025-08-10T21:04:28.184+0000] {manager.py:878} INFO - 
================================================================================
DAG File Processing Stats

File Path                                  PID  Runtime      # DAGs    # Errors  Last Runtime    Last Run
---------------------------------------  -----  ---------  --------  ----------  --------------  -------------------
/opt/airflow/dags/sales_pipeline_dag.py    436  0.01s             0           1  0.06s           2025-08-10T21:03:57
================================================================================
[2025-08-10T21:04:58.412+0000] {manager.py:878} INFO - 
================================================================================
DAG File Processing Stats

File Path                                  PID  Runtime      # DAGs    # Errors  Last Runtime    Last Run
---------------------------------------  -----  ---------  --------  ----------  --------------  -------------------
/opt/airflow/dags/sales_pipeline_dag.py    441  0.00s             0           1  0.16s           2025-08-10T21:04:28
================================================================================
[2025-08-10T21:05:28.663+0000] {manager.py:878} INFO - 
================================================================================
DAG File Processing Stats

File Path                                  PID  Runtime      # DAGs    # Errors  Last Runtime    Last Run
---------------------------------------  -----  ---------  --------  ----------  --------------  -------------------
/opt/airflow/dags/sales_pipeline_dag.py    446  0.01s             0           1  0.06s           2025-08-10T21:04:58
================================================================================
[2025-08-10T21:05:58.909+0000] {manager.py:878} INFO - 
================================================================================
DAG File Processing Stats

File Path                                  PID  Runtime      # DAGs    # Errors  Last Runtime    Last Run
---------------------------------------  -----  ---------  --------  ----------  --------------  -------------------
/opt/airflow/dags/sales_pipeline_dag.py    451  0.01s             0           1  0.09s           2025-08-10T21:05:28
================================================================================
[2025-08-10T21:06:29.153+0000] {manager.py:878} INFO - 
================================================================================
DAG File Processing Stats

File Path                                  PID  Runtime      # DAGs    # Errors  Last Runtime    Last Run
---------------------------------------  -----  ---------  --------  ----------  --------------  -------------------
/opt/airflow/dags/sales_pipeline_dag.py    456  0.00s             0           1  0.08s           2025-08-10T21:05:58
================================================================================
[2025-08-10T21:06:59.364+0000] {manager.py:878} INFO - 
================================================================================
DAG File Processing Stats

File Path                                  PID  Runtime      # DAGs    # Errors  Last Runtime    Last Run
---------------------------------------  -----  ---------  --------  ----------  --------------  -------------------
/opt/airflow/dags/sales_pipeline_dag.py    461  0.00s             0           1  0.09s           2025-08-10T21:06:29
================================================================================
[2025-08-10T21:07:29.607+0000] {manager.py:878} INFO - 
================================================================================
DAG File Processing Stats

File Path                                  PID  Runtime      # DAGs    # Errors  Last Runtime    Last Run
---------------------------------------  -----  ---------  --------  ----------  --------------  -------------------
/opt/airflow/dags/sales_pipeline_dag.py    466  0.01s             0           1  0.06s           2025-08-10T21:06:59
================================================================================
[2025-08-10T21:07:59.886+0000] {manager.py:878} INFO - 
================================================================================
DAG File Processing Stats

File Path                                  PID  Runtime      # DAGs    # Errors  Last Runtime    Last Run
---------------------------------------  -----  ---------  --------  ----------  --------------  -------------------
/opt/airflow/dags/sales_pipeline_dag.py    471  0.00s             0           1  0.09s           2025-08-10T21:07:29
================================================================================
[2025-08-10T21:08:16.019+0000] {manager.py:737} INFO - Searching for files in /opt/airflow/dags
[2025-08-10T21:08:16.028+0000] {manager.py:740} INFO - There are 1 files in /opt/airflow/dags
[2025-08-10T21:08:30.115+0000] {manager.py:878} INFO - 
================================================================================
DAG File Processing Stats

File Path                                  PID  Runtime      # DAGs    # Errors  Last Runtime    Last Run
---------------------------------------  -----  ---------  --------  ----------  --------------  -------------------
/opt/airflow/dags/sales_pipeline_dag.py    476  0.00s             0           1  0.05s           2025-08-10T21:07:59
================================================================================
[2025-08-10T21:09:00.429+0000] {manager.py:878} INFO - 
================================================================================
DAG File Processing Stats

File Path                                  PID  Runtime      # DAGs    # Errors  Last Runtime    Last Run
---------------------------------------  -----  ---------  --------  ----------  --------------  -------------------
/opt/airflow/dags/sales_pipeline_dag.py    481  0.01s             0           1  0.07s           2025-08-10T21:08:30
================================================================================
[2025-08-10T21:09:30.690+0000] {manager.py:878} INFO - 
================================================================================
DAG File Processing Stats

File Path                                  PID  Runtime      # DAGs    # Errors  Last Runtime    Last Run
---------------------------------------  -----  ---------  --------  ----------  --------------  -------------------
/opt/airflow/dags/sales_pipeline_dag.py    486  0.00s             0           1  0.13s           2025-08-10T21:09:00
================================================================================
[2025-08-10T21:10:01.020+0000] {manager.py:878} INFO - 
================================================================================
DAG File Processing Stats

File Path                                  PID  Runtime      # DAGs    # Errors  Last Runtime    Last Run
---------------------------------------  -----  ---------  --------  ----------  --------------  -------------------
/opt/airflow/dags/sales_pipeline_dag.py    491  0.00s             0           1  0.12s           2025-08-10T21:09:30
================================================================================
[2025-08-10T21:10:31.497+0000] {manager.py:878} INFO - 
================================================================================
DAG File Processing Stats

File Path                                  PID  Runtime      # DAGs    # Errors  Last Runtime    Last Run
---------------------------------------  -----  ---------  --------  ----------  --------------  -------------------
/opt/airflow/dags/sales_pipeline_dag.py    496  0.00s             0           1  0.12s           2025-08-10T21:10:01
================================================================================
[2025-08-10T21:11:01.738+0000] {manager.py:878} INFO - 
================================================================================
DAG File Processing Stats

File Path                                  PID  Runtime      # DAGs    # Errors  Last Runtime    Last Run
---------------------------------------  -----  ---------  --------  ----------  --------------  -------------------
/opt/airflow/dags/sales_pipeline_dag.py    501  0.00s             0           1  0.14s           2025-08-10T21:10:31
================================================================================
[2025-08-10T21:11:32.118+0000] {manager.py:878} INFO - 
================================================================================
DAG File Processing Stats

File Path                                  PID  Runtime      # DAGs    # Errors  Last Runtime    Last Run
---------------------------------------  -----  ---------  --------  ----------  --------------  -------------------
/opt/airflow/dags/sales_pipeline_dag.py    506  0.00s             0           1  0.15s           2025-08-10T21:11:01
================================================================================
[2025-08-10T21:12:02.378+0000] {manager.py:878} INFO - 
================================================================================
DAG File Processing Stats

File Path                                  PID  Runtime      # DAGs    # Errors  Last Runtime    Last Run
---------------------------------------  -----  ---------  --------  ----------  --------------  -------------------
/opt/airflow/dags/sales_pipeline_dag.py    511  0.00s             0           1  0.11s           2025-08-10T21:11:32
================================================================================
[2025-08-10T21:12:32.674+0000] {manager.py:878} INFO - 
================================================================================
DAG File Processing Stats

File Path                                  PID  Runtime      # DAGs    # Errors  Last Runtime    Last Run
---------------------------------------  -----  ---------  --------  ----------  --------------  -------------------
/opt/airflow/dags/sales_pipeline_dag.py    516  0.01s             0           1  0.13s           2025-08-10T21:12:02
================================================================================
[2025-08-10T21:13:03.154+0000] {manager.py:878} INFO - 
================================================================================
DAG File Processing Stats

File Path                                  PID  Runtime      # DAGs    # Errors  Last Runtime    Last Run
---------------------------------------  -----  ---------  --------  ----------  --------------  -------------------
/opt/airflow/dags/sales_pipeline_dag.py    521  0.01s             0           1  0.22s           2025-08-10T21:12:32
================================================================================
[2025-08-10T21:13:16.323+0000] {manager.py:737} INFO - Searching for files in /opt/airflow/dags
[2025-08-10T21:13:16.359+0000] {manager.py:740} INFO - There are 1 files in /opt/airflow/dags
[2025-08-10T21:13:33.590+0000] {manager.py:878} INFO - 
================================================================================
DAG File Processing Stats

File Path                                  PID  Runtime      # DAGs    # Errors  Last Runtime    Last Run
---------------------------------------  -----  ---------  --------  ----------  --------------  -------------------
/opt/airflow/dags/sales_pipeline_dag.py    526  0.01s             0           1  0.20s           2025-08-10T21:13:03
================================================================================
[2025-08-10T21:14:03.936+0000] {manager.py:878} INFO - 
================================================================================
DAG File Processing Stats

File Path                                  PID  Runtime      # DAGs    # Errors  Last Runtime    Last Run
---------------------------------------  -----  ---------  --------  ----------  --------------  -------------------
/opt/airflow/dags/sales_pipeline_dag.py    531  0.01s             0           1  0.20s           2025-08-10T21:13:33
================================================================================
[2025-08-10T21:14:34.387+0000] {manager.py:878} INFO - 
================================================================================
DAG File Processing Stats

File Path                                  PID  Runtime      # DAGs    # Errors  Last Runtime    Last Run
---------------------------------------  -----  ---------  --------  ----------  --------------  -------------------
/opt/airflow/dags/sales_pipeline_dag.py    536  0.01s             0           1  0.18s           2025-08-10T21:14:04
================================================================================
[2025-08-10T21:15:04.803+0000] {manager.py:878} INFO - 
================================================================================
DAG File Processing Stats

File Path                                  PID  Runtime      # DAGs    # Errors  Last Runtime    Last Run
---------------------------------------  -----  ---------  --------  ----------  --------------  -------------------
/opt/airflow/dags/sales_pipeline_dag.py    541  0.01s             0           1  0.21s           2025-08-10T21:14:34
================================================================================
[2025-08-10T21:15:35.306+0000] {manager.py:878} INFO - 
================================================================================
DAG File Processing Stats

File Path                                  PID  Runtime      # DAGs    # Errors  Last Runtime    Last Run
---------------------------------------  -----  ---------  --------  ----------  --------------  -------------------
/opt/airflow/dags/sales_pipeline_dag.py    546  0.01s             0           1  0.20s           2025-08-10T21:15:04
================================================================================
[2025-08-10T21:16:05.732+0000] {manager.py:878} INFO - 
================================================================================
DAG File Processing Stats

File Path                                  PID  Runtime      # DAGs    # Errors  Last Runtime    Last Run
---------------------------------------  -----  ---------  --------  ----------  --------------  -------------------
/opt/airflow/dags/sales_pipeline_dag.py    551  0.01s             0           1  0.18s           2025-08-10T21:15:35
================================================================================
[2025-08-10T21:16:36.119+0000] {manager.py:878} INFO - 
================================================================================
DAG File Processing Stats

File Path                                  PID  Runtime      # DAGs    # Errors  Last Runtime    Last Run
---------------------------------------  -----  ---------  --------  ----------  --------------  -------------------
/opt/airflow/dags/sales_pipeline_dag.py    556  0.01s             0           1  0.18s           2025-08-10T21:16:05
================================================================================
[2025-08-10T21:17:06.523+0000] {manager.py:878} INFO - 
================================================================================
DAG File Processing Stats

File Path                                  PID  Runtime      # DAGs    # Errors  Last Runtime    Last Run
---------------------------------------  -----  ---------  --------  ----------  --------------  -------------------
/opt/airflow/dags/sales_pipeline_dag.py    561  0.00s             0           1  0.19s           2025-08-10T21:16:36
================================================================================
[2025-08-10T21:17:36.925+0000] {manager.py:878} INFO - 
================================================================================
DAG File Processing Stats

File Path                                  PID  Runtime      # DAGs    # Errors  Last Runtime    Last Run
---------------------------------------  -----  ---------  --------  ----------  --------------  -------------------
/opt/airflow/dags/sales_pipeline_dag.py    566  0.01s             0           1  0.13s           2025-08-10T21:17:06
================================================================================
[2025-08-10T21:18:07.285+0000] {manager.py:878} INFO - 
================================================================================
DAG File Processing Stats

File Path                                  PID  Runtime      # DAGs    # Errors  Last Runtime    Last Run
---------------------------------------  -----  ---------  --------  ----------  --------------  -------------------
/opt/airflow/dags/sales_pipeline_dag.py    571  0.00s             0           1  0.18s           2025-08-10T21:17:37
================================================================================
[2025-08-10T21:18:16.474+0000] {manager.py:737} INFO - Searching for files in /opt/airflow/dags
[2025-08-10T21:18:16.505+0000] {manager.py:740} INFO - There are 1 files in /opt/airflow/dags
[2025-08-10T21:18:37.819+0000] {manager.py:878} INFO - 
================================================================================
DAG File Processing Stats

File Path                                  PID  Runtime      # DAGs    # Errors  Last Runtime    Last Run
---------------------------------------  -----  ---------  --------  ----------  --------------  -------------------
/opt/airflow/dags/sales_pipeline_dag.py    576  0.01s             0           1  0.16s           2025-08-10T21:18:07
================================================================================
[2025-08-10T21:19:08.163+0000] {manager.py:878} INFO - 
================================================================================
DAG File Processing Stats

File Path                                  PID  Runtime      # DAGs    # Errors  Last Runtime    Last Run
---------------------------------------  -----  ---------  --------  ----------  --------------  -------------------
/opt/airflow/dags/sales_pipeline_dag.py    581  0.01s             0           1  0.19s           2025-08-10T21:18:38
================================================================================
[2025-08-10T21:19:38.419+0000] {manager.py:878} INFO - 
================================================================================
DAG File Processing Stats

File Path                                PID    Runtime      # DAGs    # Errors  Last Runtime    Last Run
---------------------------------------  -----  ---------  --------  ----------  --------------  -------------------
/opt/airflow/dags/sales_pipeline_dag.py                           1           0  0.73s           2025-08-10T21:19:28
================================================================================
[2025-08-10T21:19:56.737+0000] {manager.py:452} INFO - Exiting gracefully upon receiving signal 15
[2025-08-10T21:20:09.044+0000] {manager.py:470} INFO - Processing files using up to 2 processes at a time 
[2025-08-10T21:20:09.046+0000] {manager.py:471} INFO - Process each file at most once every 30 seconds
[2025-08-10T21:20:09.048+0000] {manager.py:472} INFO - Checking for new files in /opt/airflow/dags every 300 seconds
[2025-08-10T21:20:09.050+0000] {manager.py:737} INFO - Searching for files in /opt/airflow/dags
[2025-08-10T21:20:09.086+0000] {manager.py:740} INFO - There are 1 files in /opt/airflow/dags
[2025-08-10T21:20:09.191+0000] {manager.py:878} INFO - 
================================================================================
DAG File Processing Stats

File Path                                  PID  Runtime      # DAGs    # Errors  Last Runtime    Last Run
---------------------------------------  -----  ---------  --------  ----------  --------------  ----------
/opt/airflow/dags/sales_pipeline_dag.py    176  0.04s             0           0
================================================================================
[2025-08-10T21:20:39.579+0000] {manager.py:878} INFO - 
================================================================================
DAG File Processing Stats

File Path                                  PID  Runtime      # DAGs    # Errors  Last Runtime    Last Run
---------------------------------------  -----  ---------  --------  ----------  --------------  -------------------
/opt/airflow/dags/sales_pipeline_dag.py    181  0.01s             1           0  0.17s           2025-08-10T21:20:09
================================================================================
[2025-08-10T21:21:09.974+0000] {manager.py:878} INFO - 
================================================================================
DAG File Processing Stats

File Path                                  PID  Runtime      # DAGs    # Errors  Last Runtime    Last Run
---------------------------------------  -----  ---------  --------  ----------  --------------  -------------------
/opt/airflow/dags/sales_pipeline_dag.py    186  0.01s             1           0  0.30s           2025-08-10T21:20:39
================================================================================
[2025-08-10T21:21:40.572+0000] {manager.py:878} INFO - 
================================================================================
DAG File Processing Stats

File Path                                  PID  Runtime      # DAGs    # Errors  Last Runtime    Last Run
---------------------------------------  -----  ---------  --------  ----------  --------------  -------------------
/opt/airflow/dags/sales_pipeline_dag.py    191  0.01s             1           0  0.26s           2025-08-10T21:21:10
================================================================================
[2025-08-10T21:22:10.922+0000] {manager.py:878} INFO - 
================================================================================
DAG File Processing Stats

File Path                                  PID  Runtime      # DAGs    # Errors  Last Runtime    Last Run
---------------------------------------  -----  ---------  --------  ----------  --------------  -------------------
/opt/airflow/dags/sales_pipeline_dag.py    212  0.01s             1           0  0.26s           2025-08-10T21:21:40
================================================================================
[2025-08-10T21:22:41.422+0000] {manager.py:878} INFO - 
================================================================================
DAG File Processing Stats

File Path                                  PID  Runtime      # DAGs    # Errors  Last Runtime    Last Run
---------------------------------------  -----  ---------  --------  ----------  --------------  -------------------
/opt/airflow/dags/sales_pipeline_dag.py    217  0.01s             1           0  0.22s           2025-08-10T21:22:11
================================================================================
[2025-08-10T21:23:11.962+0000] {manager.py:878} INFO - 
================================================================================
DAG File Processing Stats

File Path                                  PID  Runtime      # DAGs    # Errors  Last Runtime    Last Run
---------------------------------------  -----  ---------  --------  ----------  --------------  -------------------
/opt/airflow/dags/sales_pipeline_dag.py    222  0.01s             1           0  0.26s           2025-08-10T21:22:41
================================================================================
[2025-08-10T21:23:42.335+0000] {manager.py:878} INFO - 
================================================================================
DAG File Processing Stats

File Path                                  PID  Runtime      # DAGs    # Errors  Last Runtime    Last Run
---------------------------------------  -----  ---------  --------  ----------  --------------  -------------------
/opt/airflow/dags/sales_pipeline_dag.py    227  0.01s             1           0  0.26s           2025-08-10T21:23:12
================================================================================
[2025-08-10T21:24:12.832+0000] {manager.py:878} INFO - 
================================================================================
DAG File Processing Stats

File Path                                  PID  Runtime      # DAGs    # Errors  Last Runtime    Last Run
---------------------------------------  -----  ---------  --------  ----------  --------------  -------------------
/opt/airflow/dags/sales_pipeline_dag.py    232  0.01s             1           0  0.22s           2025-08-10T21:23:42
================================================================================
[2025-08-10T21:24:43.344+0000] {manager.py:878} INFO - 
================================================================================
DAG File Processing Stats

File Path                                  PID  Runtime      # DAGs    # Errors  Last Runtime    Last Run
---------------------------------------  -----  ---------  --------  ----------  --------------  -------------------
/opt/airflow/dags/sales_pipeline_dag.py    237  0.01s             1           0  0.28s           2025-08-10T21:24:13
================================================================================
